[debug] [2018-11-03T00:04:33.088Z] ----------------------------------------------------------------------
[debug] [2018-11-03T00:04:33.094Z] Command:       F:\node\node.exe C:\Users\brid4\AppData\Roaming\npm\node_modules\firebase-tools\lib\bin\firebase.js deploy
[debug] [2018-11-03T00:04:33.094Z] CLI Version:   6.0.0
[debug] [2018-11-03T00:04:33.094Z] Platform:      win32
[debug] [2018-11-03T00:04:33.094Z] Node Version:  v8.12.0
[debug] [2018-11-03T00:04:33.095Z] Time:          Sat Nov 03 2018 07:04:33 GMT+0700 (SE Asia Standard Time)
[debug] [2018-11-03T00:04:33.095Z] ----------------------------------------------------------------------
[debug] 
[debug] [2018-11-03T00:04:33.106Z] > command requires scopes: ["email","openid","https://www.googleapis.com/auth/cloudplatformprojects.readonly","https://www.googleapis.com/auth/firebase","https://www.googleapis.com/auth/cloud-platform"]
[debug] [2018-11-03T00:04:33.106Z] > authorizing via signed-in user
[debug] [2018-11-03T00:04:33.106Z] [iam] checking project survey-63461 for permissions ["cloudfunctions.functions.create","cloudfunctions.functions.delete","cloudfunctions.functions.get","cloudfunctions.functions.list","cloudfunctions.functions.update","cloudfunctions.operations.get","firebase.projects.get","firebasehosting.sites.update"]
[debug] [2018-11-03T00:04:33.109Z] > refreshing access token with scopes: ["email","https://www.googleapis.com/auth/cloud-platform","https://www.googleapis.com/auth/cloudplatformprojects.readonly","https://www.googleapis.com/auth/firebase","openid"]
[debug] [2018-11-03T00:04:33.109Z] >>> HTTP REQUEST POST https://www.googleapis.com/oauth2/v3/token  
 <request body omitted>
[debug] [2018-11-03T00:04:33.361Z] <<< HTTP RESPONSE 200
[debug] [2018-11-03T00:04:33.370Z] >>> HTTP REQUEST POST https://cloudresourcemanager.googleapis.com/v1/projects/survey-63461:testIamPermissions  

[debug] [2018-11-03T00:04:34.625Z] <<< HTTP RESPONSE 200
[debug] [2018-11-03T00:04:34.626Z] >>> HTTP REQUEST GET https://firebase.googleapis.com/v1beta1/projects/survey-63461  
 
[debug] [2018-11-03T00:04:35.063Z] <<< HTTP RESPONSE 200
[info] 
[info] === Deploying to 'survey-63461'...
[info] 
[info] i  deploying functions, hosting
[info] Running command: npm --prefix "%RESOURCE_DIR%" run lint
[info] +  functions: Finished running predeploy script.
[debug] [2018-11-03T00:04:44.050Z] > [functions] package.json contents: {
  "name": "functions",
  "description": "Cloud Functions for Firebase",
  "scripts": {
    "lint": "eslint .",
    "serve": "firebase serve --only functions",
    "shell": "firebase functions:shell",
    "start": "npm run shell",
    "deploy": "firebase deploy --only functions",
    "logs": "firebase functions:log"
  },
  "dependencies": {
    "firebase-admin": "^6.0.0",
    "firebase-functions": "^2.1.0",
    "googleapis": "^34.0.0"
  },
  "devDependencies": {
    "eslint": "^4.12.0",
    "eslint-plugin-promise": "^3.6.0"
  },
  "engines": {
    "node": "8"
  },
  "private": true
}
[info] i  functions: ensuring necessary APIs are enabled...
[debug] [2018-11-03T00:04:44.052Z] >>> HTTP REQUEST GET https://servicemanagement.googleapis.com/v1/services/cloudfunctions.googleapis.com/projectSettings/survey-63461?view=CONSUMER_VIEW  
 
[debug] [2018-11-03T00:04:44.053Z] >>> HTTP REQUEST GET https://servicemanagement.googleapis.com/v1/services/runtimeconfig.googleapis.com/projectSettings/survey-63461?view=CONSUMER_VIEW  
 
[debug] [2018-11-03T00:04:45.988Z] <<< HTTP RESPONSE 200
[debug] [2018-11-03T00:04:45.992Z] <<< HTTP RESPONSE 200
[info] +  functions: all necessary APIs are enabled
[debug] [2018-11-03T00:04:45.994Z] >>> HTTP REQUEST GET https://cloudresourcemanager.googleapis.com/v1/projects/survey-63461  
 
[debug] [2018-11-03T00:04:47.258Z] <<< HTTP RESPONSE 200
[debug] [2018-11-03T00:04:47.259Z] >>> HTTP REQUEST GET https://mobilesdk-pa.googleapis.com/v1/projects/639404973363:getServerAppConfig  
 
[debug] [2018-11-03T00:04:47.612Z] <<< HTTP RESPONSE 200
[debug] [2018-11-03T00:04:47.613Z] >>> HTTP REQUEST POST https://firebasehosting.googleapis.com/v1beta1/sites/survey-63461/versions  

[debug] [2018-11-03T00:04:49.472Z] <<< HTTP RESPONSE 200
[info] i  functions: preparing functions directory for uploading...
[debug] [2018-11-03T00:04:49.481Z] >>> HTTP REQUEST GET https://runtimeconfig.googleapis.com/v1beta1/projects/survey-63461/configs  
 
[debug] [2018-11-03T00:04:49.836Z] <<< HTTP RESPONSE 200
[info] i  functions: packaged functions (55.46 KB) for uploading
[debug] [2018-11-03T00:04:51.343Z] >>> HTTP REQUEST POST https://cloudfunctions.googleapis.com/v1/projects/survey-63461/locations/us-central1/functions:generateUploadUrl  
 
[debug] [2018-11-03T00:04:52.166Z] <<< HTTP RESPONSE 200
[debug] [2018-11-03T00:04:52.167Z] >>> HTTP REQUEST PUT https://storage.googleapis.com/gcf-upload-us-central1-461816df-9527-420b-bbfc-05f37041802e/3e8bfb5c-d226-4483-91a1-e410e3438a1f.zip?GoogleAccessId=service-639404973363@gcf-admin-robot.iam.gserviceaccount.com&Expires=1541205290&Signature=VJ6dmF7eJ%2BT53eQ5WD4OKqkCahYxFXIGvn496Ti7lSdsE12sfZWrKpgCdBDMwhVHbG5tsxrz6gzv%2FicA1MzG8ycQIp0GU7QaCufPqlL%2FKxeCoFCzgs9H7ugRoPtnczl%2FJ%2B7tWSaexOBzngp1y1ZHmYa02LeV6UZui471IfpotA815hcglaLXH7g%2F4a9rMZXwv3B9m2OE1fjv4TlsFDBWNEzNqTXDRnjpXItZF%2Bn%2BYu%2BR3TlAKKLI2ghTmuGc8ci4Cu5rimVZIpX%2BJ3flFDUtb%2BaFEukaFfjIAKd9fgzOZkLvzkUfX9nBTkppO6Q4eTjJWxnBRXznQ7QjOcjJVTRltw%3D%3D  

[debug] [2018-11-03T00:04:52.926Z] <<< HTTP RESPONSE 200
[info] +  functions: functions folder uploaded successfully
[info] i  hosting[survey-63461]: beginning deploy...
[info] i  hosting[survey-63461]: found 34 files in ./dist
[debug] [2018-11-03T00:04:52.965Z] [hosting] hash cache [ZGlzdA] load error: lines is not defined
[debug] [2018-11-03T00:04:54.002Z] [hosting] hash cache [ZGlzdA] stored for 34 files
[debug] [2018-11-03T00:04:54.003Z] [hosting][hash queue][FINAL]
[debug] [2018-11-03T00:04:54.003Z] >>> HTTP REQUEST POST https://firebasehosting.googleapis.com/v1beta1/sites/survey-63461/versions/ec8b5921a22d5489:populateFiles  
 <request body omitted>
[debug] [2018-11-03T00:04:55.748Z] <<< HTTP RESPONSE 200
[debug] [2018-11-03T00:04:55.752Z] [hosting][populate queue][FINAL]
[debug] [2018-11-03T00:04:55.753Z] [hosting] uploads queued: 3
[debug] [2018-11-03T00:04:59.594Z] [hosting][upload queue][FINAL]
[info] +  hosting[survey-63461]: file upload complete
[debug] [2018-11-03T00:04:59.595Z] [hosting] deploy completed after 6662ms
[debug] [2018-11-03T00:04:59.705Z] >>> HTTP REQUEST GET https://cloudfunctions.googleapis.com/v1/projects/survey-63461/locations/-/functions  
 
[debug] [2018-11-03T00:05:00.525Z] <<< HTTP RESPONSE 200
[info] i  functions: updating Node.js 8 function copyPetrolToSheet(us-central1)...
[debug] [2018-11-03T00:05:00.533Z] Trigger is:  {"eventTrigger":{"resource":"projects/_/instances/survey-63461/refs/Data","eventType":"providers/google.firebase.database/eventTypes/ref.update","service":"firebaseio.com"}}
[debug] [2018-11-03T00:05:00.537Z] >>> HTTP REQUEST PATCH https://cloudfunctions.googleapis.com/v1/projects/survey-63461/locations/us-central1/functions/copyPetrolToSheet {"updateMask":"sourceUploadUrl,name,labels,runtime,eventTrigger.resource,eventTrigger.eventType,eventTrigger.service"} 

[debug] [2018-11-03T00:05:01.456Z] <<< HTTP RESPONSE 200
[debug] [2018-11-03T00:05:01.457Z] >>> HTTP REQUEST GET https://cloudfunctions.googleapis.com/v1/operations/c3VydmV5LTYzNDYxL3VzLWNlbnRyYWwxL2NvcHlQZXRyb2xUb1NoZWV0L1NfYzJTRk5rX2kw  
 
[debug] [2018-11-03T00:05:02.102Z] <<< HTTP RESPONSE 200
[debug] [2018-11-03T00:05:04.103Z] >>> HTTP REQUEST GET https://cloudfunctions.googleapis.com/v1/operations/c3VydmV5LTYzNDYxL3VzLWNlbnRyYWwxL2NvcHlQZXRyb2xUb1NoZWV0L1NfYzJTRk5rX2kw  
 
[debug] [2018-11-03T00:05:04.749Z] <<< HTTP RESPONSE 200
[debug] [2018-11-03T00:05:06.750Z] >>> HTTP REQUEST GET https://cloudfunctions.googleapis.com/v1/operations/c3VydmV5LTYzNDYxL3VzLWNlbnRyYWwxL2NvcHlQZXRyb2xUb1NoZWV0L1NfYzJTRk5rX2kw  
 
[debug] [2018-11-03T00:05:07.410Z] <<< HTTP RESPONSE 200
[debug] [2018-11-03T00:05:09.411Z] >>> HTTP REQUEST GET https://cloudfunctions.googleapis.com/v1/operations/c3VydmV5LTYzNDYxL3VzLWNlbnRyYWwxL2NvcHlQZXRyb2xUb1NoZWV0L1NfYzJTRk5rX2kw  
 
[debug] [2018-11-03T00:05:10.057Z] <<< HTTP RESPONSE 200
[debug] [2018-11-03T00:05:12.059Z] >>> HTTP REQUEST GET https://cloudfunctions.googleapis.com/v1/operations/c3VydmV5LTYzNDYxL3VzLWNlbnRyYWwxL2NvcHlQZXRyb2xUb1NoZWV0L1NfYzJTRk5rX2kw  
 
[debug] [2018-11-03T00:05:12.705Z] <<< HTTP RESPONSE 200
[debug] [2018-11-03T00:05:14.706Z] >>> HTTP REQUEST GET https://cloudfunctions.googleapis.com/v1/operations/c3VydmV5LTYzNDYxL3VzLWNlbnRyYWwxL2NvcHlQZXRyb2xUb1NoZWV0L1NfYzJTRk5rX2kw  
 
[debug] [2018-11-03T00:05:15.341Z] <<< HTTP RESPONSE 200
[debug] [2018-11-03T00:05:17.343Z] >>> HTTP REQUEST GET https://cloudfunctions.googleapis.com/v1/operations/c3VydmV5LTYzNDYxL3VzLWNlbnRyYWwxL2NvcHlQZXRyb2xUb1NoZWV0L1NfYzJTRk5rX2kw  
 
[debug] [2018-11-03T00:05:17.967Z] <<< HTTP RESPONSE 200
[debug] [2018-11-03T00:05:19.968Z] >>> HTTP REQUEST GET https://cloudfunctions.googleapis.com/v1/operations/c3VydmV5LTYzNDYxL3VzLWNlbnRyYWwxL2NvcHlQZXRyb2xUb1NoZWV0L1NfYzJTRk5rX2kw  
 
[debug] [2018-11-03T00:05:20.631Z] <<< HTTP RESPONSE 200
[debug] [2018-11-03T00:05:22.631Z] >>> HTTP REQUEST GET https://cloudfunctions.googleapis.com/v1/operations/c3VydmV5LTYzNDYxL3VzLWNlbnRyYWwxL2NvcHlQZXRyb2xUb1NoZWV0L1NfYzJTRk5rX2kw  
 
[debug] [2018-11-03T00:05:23.278Z] <<< HTTP RESPONSE 200
[debug] [2018-11-03T00:05:25.278Z] >>> HTTP REQUEST GET https://cloudfunctions.googleapis.com/v1/operations/c3VydmV5LTYzNDYxL3VzLWNlbnRyYWwxL2NvcHlQZXRyb2xUb1NoZWV0L1NfYzJTRk5rX2kw  
 
[debug] [2018-11-03T00:05:25.909Z] <<< HTTP RESPONSE 200
[debug] [2018-11-03T00:05:27.911Z] >>> HTTP REQUEST GET https://cloudfunctions.googleapis.com/v1/operations/c3VydmV5LTYzNDYxL3VzLWNlbnRyYWwxL2NvcHlQZXRyb2xUb1NoZWV0L1NfYzJTRk5rX2kw  
 
[debug] [2018-11-03T00:05:28.534Z] <<< HTTP RESPONSE 200
